# JRE version: OpenJDK Runtime Environment Temurin-22.0.2+9 (22.0.2+9) (build 22.0.2+9)
# Java VM: OpenJDK 64-Bit Server VM Temurin-22.0.2+9 (22.0.2+9, mixed mode, tiered, compressed oops, compressed class ptrs, g1 gc, bsd-aarch64)
Heap:
 garbage-first heap   total reserved 2097152K, committed 214016K, used 132691K [0x0000000780000000, 0x0000000800000000)
  region size 1024K, 104 young (106496K), 1 survivors (1024K)
 Metaspace       used 25222K, committed 25600K, reserved 1114112K
  class space    used 2604K, committed 2816K, reserved 1048576K
GC Heap History (20 events):
Event: 903.618 GC heap before
{Heap before GC invocations=228 (full 1):
 garbage-first heap   total reserved 2097152K, committed 214016K, used 154711K [0x0000000780000000, 0x0000000800000000)
  region size 1024K, 125 young (128000K), 1 survivors (1024K)
 Metaspace       used 25222K, committed 25600K, reserved 1114112K
  class space    used 2604K, committed 2816K, reserved 1048576K
}
Event: 903.619 GC heap after
{Heap after GC invocations=229 (full 1):
 garbage-first heap   total reserved 2097152K, committed 214016K, used 27729K [0x0000000780000000, 0x0000000800000000)
  region size 1024K, 1 young (1024K), 1 survivors (1024K)
 Metaspace       used 25222K, committed 25600K, reserved 1114112K
  class space    used 2604K, committed 2816K, reserved 1048576K
}
Event: 906.962 GC heap before
{Heap before GC invocations=229 (full 1):
 garbage-first heap   total reserved 2097152K, committed 214016K, used 154705K [0x0000000780000000, 0x0000000800000000)
  region size 1024K, 125 young (128000K), 1 survivors (1024K)
 Metaspace       used 25222K, committed 25600K, reserved 1114112K
  class space    used 2604K, committed 2816K, reserved 1048576K
}
Event: 906.965 GC heap after
{Heap after GC invocations=230 (full 1):
 garbage-first heap   total reserved 2097152K, committed 214016K, used 27727K [0x0000000780000000, 0x0000000800000000)
  region size 1024K, 1 young (1024K), 1 survivors (1024K)
 Metaspace       used 25222K, committed 25600K, reserved 1114112K
  class space    used 2604K, committed 2816K, reserved 1048576K
}
Event: 910.285 GC heap before
{Heap before GC invocations=230 (full 1):
 garbage-first heap   total reserved 2097152K, committed 214016K, used 154703K [0x0000000780000000, 0x0000000800000000)
  region size 1024K, 125 young (128000K), 1 survivors (1024K)
 Metaspace       used 25222K, committed 25600K, reserved 1114112K
  class space    used 2604K, committed 2816K, reserved 1048576K
}
Event: 910.285 GC heap after
{Heap after GC invocations=231 (full 1):
 garbage-first heap   total reserved 2097152K, committed 214016K, used 27731K [0x0000000780000000, 0x0000000800000000)
  region size 1024K, 1 young (1024K), 1 survivors (1024K)
 Metaspace       used 25222K, committed 25600K, reserved 1114112K
  class space    used 2604K, committed 2816K, reserved 1048576K
}
Event: 913.657 GC heap before
{Heap before GC invocations=231 (full 1):
 garbage-first heap   total reserved 2097152K, committed 214016K, used 154707K [0x0000000780000000, 0x0000000800000000)
  region size 1024K, 125 young (128000K), 1 survivors (1024K)
 Metaspace       used 25222K, committed 25600K, reserved 1114112K
  class space    used 2604K, committed 2816K, reserved 1048576K
}
Event: 913.658 GC heap after
{Heap after GC invocations=232 (full 1):
 garbage-first heap   total reserved 2097152K, committed 214016K, used 27729K [0x0000000780000000, 0x0000000800000000)
  region size 1024K, 1 young (1024K), 1 survivors (1024K)
 Metaspace       used 25222K, committed 25600K, reserved 1114112K
  class space    used 2604K, committed 2816K, reserved 1048576K
}
Event: 916.962 GC heap before
{Heap before GC invocations=232 (full 1):
 garbage-first heap   total reserved 2097152K, committed 214016K, used 154705K [0x0000000780000000, 0x0000000800000000)
  region size 1024K, 125 young (128000K), 1 survivors (1024K)
 Metaspace       used 25222K, committed 25600K, reserved 1114112K
  class space    used 2604K, committed 2816K, reserved 1048576K
}
Event: 916.962 GC heap after
{Heap after GC invocations=233 (full 1):
 garbage-first heap   total reserved 2097152K, committed 214016K, used 27735K [0x0000000780000000, 0x0000000800000000)
  region size 1024K, 1 young (1024K), 1 survivors (1024K)
 Metaspace       used 25222K, committed 25600K, reserved 1114112K
  class space    used 2604K, committed 2816K, reserved 1048576K
}
Event: 920.280 GC heap before
{Heap before GC invocations=233 (full 1):
 garbage-first heap   total reserved 2097152K, committed 214016K, used 154711K [0x0000000780000000, 0x0000000800000000)
  region size 1024K, 125 young (128000K), 1 survivors (1024K)
 Metaspace       used 25222K, committed 25600K, reserved 1114112K
  class space    used 2604K, committed 2816K, reserved 1048576K
}
Event: 920.281 GC heap after
{Heap after GC invocations=234 (full 1):
 garbage-first heap   total reserved 2097152K, committed 214016K, used 27729K [0x0000000780000000, 0x0000000800000000)
  region size 1024K, 1 young (1024K), 1 survivors (1024K)
 Metaspace       used 25222K, committed 25600K, reserved 1114112K
  class space    used 2604K, committed 2816K, reserved 1048576K
}
Event: 923.614 GC heap before
{Heap before GC invocations=234 (full 1):
 garbage-first heap   total reserved 2097152K, committed 214016K, used 154705K [0x0000000780000000, 0x0000000800000000)
  region size 1024K, 125 young (128000K), 1 survivors (1024K)
 Metaspace       used 25222K, committed 25600K, reserved 1114112K
  class space    used 2604K, committed 2816K, reserved 1048576K
}
Event: 923.614 GC heap after
{Heap after GC invocations=235 (full 1):
 garbage-first heap   total reserved 2097152K, committed 214016K, used 27729K [0x0000000780000000, 0x0000000800000000)
  region size 1024K, 1 young (1024K), 1 survivors (1024K)
 Metaspace       used 25222K, committed 25600K, reserved 1114112K
  class space    used 2604K, committed 2816K, reserved 1048576K
}
Event: 927.011 GC heap before
{Heap before GC invocations=235 (full 1):
 garbage-first heap   total reserved 2097152K, committed 214016K, used 154705K [0x0000000780000000, 0x0000000800000000)
  region size 1024K, 125 young (128000K), 1 survivors (1024K)
 Metaspace       used 25222K, committed 25600K, reserved 1114112K
  class space    used 2604K, committed 2816K, reserved 1048576K
}
Event: 927.012 GC heap after
{Heap after GC invocations=236 (full 1):
 garbage-first heap   total reserved 2097152K, committed 214016K, used 27729K [0x0000000780000000, 0x0000000800000000)
  region size 1024K, 1 young (1024K), 1 survivors (1024K)
 Metaspace       used 25222K, committed 25600K, reserved 1114112K
  class space    used 2604K, committed 2816K, reserved 1048576K
}
Event: 930.687 GC heap before
{Heap before GC invocations=236 (full 1):
 garbage-first heap   total reserved 2097152K, committed 214016K, used 154705K [0x0000000780000000, 0x0000000800000000)
  region size 1024K, 125 young (128000K), 1 survivors (1024K)
 Metaspace       used 25222K, committed 25600K, reserved 1114112K
  class space    used 2604K, committed 2816K, reserved 1048576K
}
Event: 930.705 GC heap after
{Heap after GC invocations=237 (full 1):
 garbage-first heap   total reserved 2097152K, committed 214016K, used 27733K [0x0000000780000000, 0x0000000800000000)
  region size 1024K, 1 young (1024K), 1 survivors (1024K)
 Metaspace       used 25222K, committed 25600K, reserved 1114112K
  class space    used 2604K, committed 2816K, reserved 1048576K
}
Event: 934.060 GC heap before
{Heap before GC invocations=237 (full 1):
 garbage-first heap   total reserved 2097152K, committed 214016K, used 154709K [0x0000000780000000, 0x0000000800000000)
  region size 1024K, 125 young (128000K), 1 survivors (1024K)
 Metaspace       used 25222K, committed 25600K, reserved 1114112K
  class space    used 2604K, committed 2816K, reserved 1048576K
}
Event: 934.060 GC heap after
{Heap after GC invocations=238 (full 1):
 garbage-first heap   total reserved 2097152K, committed 214016K, used 27731K [0x0000000780000000, 0x0000000800000000)
  region size 1024K, 1 young (1024K), 1 survivors (1024K)
 Metaspace       used 25222K, committed 25600K, reserved 1114112K
  class space    used 2604K, committed 2816K, reserved 1048576K
}

