# JRE version: OpenJDK Runtime Environment Temurin-22.0.2+9 (22.0.2+9) (build 22.0.2+9)
# Java VM: OpenJDK 64-Bit Server VM Temurin-22.0.2+9 (22.0.2+9, mixed mode, tiered, compressed oops, compressed class ptrs, g1 gc, bsd-aarch64)
Heap:
 garbage-first heap   total reserved 2097152K, committed 86016K, used 32779K [0x0000000780000000, 0x0000000800000000)
  region size 1024K, 12 young (12288K), 1 survivors (1024K)
 Metaspace       used 37075K, committed 37760K, reserved 1114112K
  class space    used 4041K, committed 4352K, reserved 1048576K
GC Heap History (20 events):
Event: 10472.171 GC heap before
{Heap before GC invocations=7466 (full 0):
 garbage-first heap   total reserved 2097152K, committed 86016K, used 72202K [0x0000000780000000, 0x0000000800000000)
  region size 1024K, 50 young (51200K), 1 survivors (1024K)
 Metaspace       used 37075K, committed 37760K, reserved 1114112K
  class space    used 4041K, committed 4352K, reserved 1048576K
}
Event: 10472.172 GC heap after
{Heap after GC invocations=7467 (full 0):
 garbage-first heap   total reserved 2097152K, committed 86016K, used 22024K [0x0000000780000000, 0x0000000800000000)
  region size 1024K, 1 young (1024K), 1 survivors (1024K)
 Metaspace       used 37075K, committed 37760K, reserved 1114112K
  class space    used 4041K, committed 4352K, reserved 1048576K
}
Event: 10473.146 GC heap before
{Heap before GC invocations=7467 (full 0):
 garbage-first heap   total reserved 2097152K, committed 86016K, used 72200K [0x0000000780000000, 0x0000000800000000)
  region size 1024K, 50 young (51200K), 1 survivors (1024K)
 Metaspace       used 37075K, committed 37760K, reserved 1114112K
  class space    used 4041K, committed 4352K, reserved 1048576K
}
Event: 10473.146 GC heap after
{Heap after GC invocations=7468 (full 0):
 garbage-first heap   total reserved 2097152K, committed 86016K, used 22020K [0x0000000780000000, 0x0000000800000000)
  region size 1024K, 1 young (1024K), 1 survivors (1024K)
 Metaspace       used 37075K, committed 37760K, reserved 1114112K
  class space    used 4041K, committed 4352K, reserved 1048576K
}
Event: 10474.120 GC heap before
{Heap before GC invocations=7468 (full 0):
 garbage-first heap   total reserved 2097152K, committed 86016K, used 72196K [0x0000000780000000, 0x0000000800000000)
  region size 1024K, 50 young (51200K), 1 survivors (1024K)
 Metaspace       used 37075K, committed 37760K, reserved 1114112K
  class space    used 4041K, committed 4352K, reserved 1048576K
}
Event: 10474.120 GC heap after
{Heap after GC invocations=7469 (full 0):
 garbage-first heap   total reserved 2097152K, committed 86016K, used 22018K [0x0000000780000000, 0x0000000800000000)
  region size 1024K, 1 young (1024K), 1 survivors (1024K)
 Metaspace       used 37075K, committed 37760K, reserved 1114112K
  class space    used 4041K, committed 4352K, reserved 1048576K
}
Event: 10475.108 GC heap before
{Heap before GC invocations=7469 (full 0):
 garbage-first heap   total reserved 2097152K, committed 86016K, used 72194K [0x0000000780000000, 0x0000000800000000)
  region size 1024K, 50 young (51200K), 1 survivors (1024K)
 Metaspace       used 37075K, committed 37760K, reserved 1114112K
  class space    used 4041K, committed 4352K, reserved 1048576K
}
Event: 10475.109 GC heap after
{Heap after GC invocations=7470 (full 0):
 garbage-first heap   total reserved 2097152K, committed 86016K, used 22028K [0x0000000780000000, 0x0000000800000000)
  region size 1024K, 1 young (1024K), 1 survivors (1024K)
 Metaspace       used 37075K, committed 37760K, reserved 1114112K
  class space    used 4041K, committed 4352K, reserved 1048576K
}
Event: 10476.083 GC heap before
{Heap before GC invocations=7470 (full 0):
 garbage-first heap   total reserved 2097152K, committed 86016K, used 72204K [0x0000000780000000, 0x0000000800000000)
  region size 1024K, 50 young (51200K), 1 survivors (1024K)
 Metaspace       used 37075K, committed 37760K, reserved 1114112K
  class space    used 4041K, committed 4352K, reserved 1048576K
}
Event: 10476.084 GC heap after
{Heap after GC invocations=7471 (full 0):
 garbage-first heap   total reserved 2097152K, committed 86016K, used 22027K [0x0000000780000000, 0x0000000800000000)
  region size 1024K, 1 young (1024K), 1 survivors (1024K)
 Metaspace       used 37075K, committed 37760K, reserved 1114112K
  class space    used 4041K, committed 4352K, reserved 1048576K
}
Event: 10477.071 GC heap before
{Heap before GC invocations=7471 (full 0):
 garbage-first heap   total reserved 2097152K, committed 86016K, used 72203K [0x0000000780000000, 0x0000000800000000)
  region size 1024K, 50 young (51200K), 1 survivors (1024K)
 Metaspace       used 37075K, committed 37760K, reserved 1114112K
  class space    used 4041K, committed 4352K, reserved 1048576K
}
Event: 10477.071 GC heap after
{Heap after GC invocations=7472 (full 0):
 garbage-first heap   total reserved 2097152K, committed 86016K, used 22026K [0x0000000780000000, 0x0000000800000000)
  region size 1024K, 1 young (1024K), 1 survivors (1024K)
 Metaspace       used 37075K, committed 37760K, reserved 1114112K
  class space    used 4041K, committed 4352K, reserved 1048576K
}
Event: 10478.080 GC heap before
{Heap before GC invocations=7472 (full 0):
 garbage-first heap   total reserved 2097152K, committed 86016K, used 72202K [0x0000000780000000, 0x0000000800000000)
  region size 1024K, 50 young (51200K), 1 survivors (1024K)
 Metaspace       used 37075K, committed 37760K, reserved 1114112K
  class space    used 4041K, committed 4352K, reserved 1048576K
}
Event: 10478.081 GC heap after
{Heap after GC invocations=7473 (full 0):
 garbage-first heap   total reserved 2097152K, committed 86016K, used 22023K [0x0000000780000000, 0x0000000800000000)
  region size 1024K, 1 young (1024K), 1 survivors (1024K)
 Metaspace       used 37075K, committed 37760K, reserved 1114112K
  class space    used 4041K, committed 4352K, reserved 1048576K
}
Event: 10479.047 GC heap before
{Heap before GC invocations=7473 (full 0):
 garbage-first heap   total reserved 2097152K, committed 86016K, used 72199K [0x0000000780000000, 0x0000000800000000)
  region size 1024K, 50 young (51200K), 1 survivors (1024K)
 Metaspace       used 37075K, committed 37760K, reserved 1114112K
  class space    used 4041K, committed 4352K, reserved 1048576K
}
Event: 10479.047 GC heap after
{Heap after GC invocations=7474 (full 0):
 garbage-first heap   total reserved 2097152K, committed 86016K, used 22026K [0x0000000780000000, 0x0000000800000000)
  region size 1024K, 1 young (1024K), 1 survivors (1024K)
 Metaspace       used 37075K, committed 37760K, reserved 1114112K
  class space    used 4041K, committed 4352K, reserved 1048576K
}
Event: 10480.024 GC heap before
{Heap before GC invocations=7474 (full 0):
 garbage-first heap   total reserved 2097152K, committed 86016K, used 72202K [0x0000000780000000, 0x0000000800000000)
  region size 1024K, 50 young (51200K), 1 survivors (1024K)
 Metaspace       used 37075K, committed 37760K, reserved 1114112K
  class space    used 4041K, committed 4352K, reserved 1048576K
}
Event: 10480.024 GC heap after
{Heap after GC invocations=7475 (full 0):
 garbage-first heap   total reserved 2097152K, committed 86016K, used 22027K [0x0000000780000000, 0x0000000800000000)
  region size 1024K, 1 young (1024K), 1 survivors (1024K)
 Metaspace       used 37075K, committed 37760K, reserved 1114112K
  class space    used 4041K, committed 4352K, reserved 1048576K
}
Event: 10481.510 GC heap before
{Heap before GC invocations=7475 (full 0):
 garbage-first heap   total reserved 2097152K, committed 86016K, used 72203K [0x0000000780000000, 0x0000000800000000)
  region size 1024K, 50 young (51200K), 1 survivors (1024K)
 Metaspace       used 37075K, committed 37760K, reserved 1114112K
  class space    used 4041K, committed 4352K, reserved 1048576K
}
Event: 10481.511 GC heap after
{Heap after GC invocations=7476 (full 0):
 garbage-first heap   total reserved 2097152K, committed 86016K, used 22024K [0x0000000780000000, 0x0000000800000000)
  region size 1024K, 1 young (1024K), 1 survivors (1024K)
 Metaspace       used 37075K, committed 37760K, reserved 1114112K
  class space    used 4041K, committed 4352K, reserved 1048576K
}

